{"numFailedTestSuites":1,"numFailedTests":1,"numPassedTestSuites":3,"numPassedTests":17,"numPendingTestSuites":0,"numPendingTests":0,"numRuntimeErrorTestSuites":0,"numTodoTests":0,"numTotalTestSuites":4,"numTotalTests":18,"openHandles":[],"snapshot":{"added":0,"didUpdate":false,"failure":false,"filesAdded":0,"filesRemoved":0,"filesRemovedList":[],"filesUnmatched":0,"filesUpdated":0,"matched":0,"total":0,"unchecked":0,"uncheckedKeysByFile":[],"unmatched":0,"updated":0},"startTime":1788437398943,"success":false,"testResults":[{"assertionResults":[{"ancestorTitles":["HTTP 200 + error 时弹窗行为"],"failureMessages":["Error: expect(jest.fn()).toHaveBeenCalledTimes(expected)\n\nExpected number of calls: 1\nReceived number of calls: 2\n    at Object.<anonymous> (E:\\TDYW\\spug-3.0\\spug_web\\src\\pages\\regulation\\__tests__\\Form.errorPrompt.test.js:149:22)"],"fullName":"HTTP 200 + error 时弹窗行为 只提示一次错误，不弹成功、不关闭弹窗、不刷新列表","location":null,"status":"failed","title":"只提示一次错误，不弹成功、不关闭弹窗、不刷新列表"}],"endTime":1788437404524,"message":"  ● HTTP 200 + error 时弹窗行为 › 只提示一次错误，不弹成功、不关闭弹窗、不刷新列表\n\n    expect(jest.fn()).toHaveBeenCalledTimes(expected)\n\n    Expected number of calls: 1\n    Received number of calls: 2\n\n    \u001b[0m \u001b[90m 147 |\u001b[39m     expect(successSpy)\u001b[33m.\u001b[39mnot\u001b[33m.\u001b[39mtoHaveBeenCalled()\u001b[33m;\u001b[39m\n     \u001b[90m 148 |\u001b[39m     expect(\u001b[33mS\u001b[39m\u001b[33m.\u001b[39mformVisible)\u001b[33m.\u001b[39mtoBe(\u001b[36mtrue\u001b[39m)\u001b[33m;\u001b[39m\n    \u001b[31m\u001b[1m>\u001b[22m\u001b[39m\u001b[90m 149 |\u001b[39m     expect(errorSpy)\u001b[33m.\u001b[39mtoHaveBeenCalledTimes(\u001b[35m1\u001b[39m)\u001b[33m;\u001b[39m\n     \u001b[90m     |\u001b[39m                      \u001b[31m\u001b[1m^\u001b[22m\u001b[39m\n     \u001b[90m 150 |\u001b[39m   })\u001b[33m;\u001b[39m\n     \u001b[90m 151 |\u001b[39m })\u001b[33m;\u001b[39m\n     \u001b[90m 152 |\u001b[39m\u001b[0m\n\n      at Object.<anonymous> (src/pages/regulation/__tests__/Form.errorPrompt.test.js:149:22)\n","name":"E:\\TDYW\\spug-3.0\\spug_web\\src\\pages\\regulation\\__tests__\\Form.errorPrompt.test.js","startTime":1788437399771,"status":"failed","summary":""},{"assertionResults":[{"ancestorTitles":["HTTP 200 + error 不得被当作成功"],"failureMessages":[],"fullName":"HTTP 200 + error 不得被当作成功 业务错误响应必须 reject，而不是 resolve","location":null,"status":"passed","title":"业务错误响应必须 reject，而不是 resolve"},{"ancestorTitles":["HTTP 200 + error 不得被当作成功"],"failureMessages":[],"fullName":"HTTP 200 + error 不得被当作成功 业务错误响应只弹一次错误提示","location":null,"status":"passed","title":"业务错误响应只弹一次错误提示"},{"ancestorTitles":["HTTP 200 + error 不得被当作成功"],"failureMessages":[],"fullName":"HTTP 200 + error 不得被当作成功 正常响应解包 data 且不弹任何提示","location":null,"status":"passed","title":"正常响应解包 data 且不弹任何提示"},{"ancestorTitles":["HTTP 200 + error 不得被当作成功"],"failureMessages":[],"fullName":"HTTP 200 + error 不得被当作成功 data 为空字符串时解包为空对象","location":null,"status":"passed","title":"data 为空字符串时解包为空对象"},{"ancestorTitles":["HTTP 200 + error 不得被当作成功"],"failureMessages":[],"fullName":"HTTP 200 + error 不得被当作成功 skipErrorNotification 可抑制拦截器提示（用于业务代码自行提示的场景）","location":null,"status":"passed","title":"skipErrorNotification 可抑制拦截器提示（用于业务代码自行提示的场景）"},{"ancestorTitles":["HTTP 200 + error 不得被当作成功"],"failureMessages":[],"fullName":"HTTP 200 + error 不得被当作成功 二进制响应中的 JSON 错误体也能被识别为失败","location":null,"status":"passed","title":"二进制响应中的 JSON 错误体也能被识别为失败"},{"ancestorTitles":["HTTP 200 + error 不得被当作成功"],"failureMessages":[],"fullName":"HTTP 200 + error 不得被当作成功 二进制正常响应直接透传，不被当作错误","location":null,"status":"passed","title":"二进制正常响应直接透传，不被当作错误"},{"ancestorTitles":["错误去重与双提示风险"],"failureMessages":[],"fullName":"错误去重与双提示风险 拦截器 2 秒内重复相同消息只提示一次","location":null,"status":"passed","title":"拦截器 2 秒内重复相同消息只提示一次"},{"ancestorTitles":["错误去重与双提示风险"],"failureMessages":[],"fullName":"错误去重与双提示风险 reject 值是字符串而非 Error：业务代码 e.message 为 undefined（双提示根因）","location":null,"status":"passed","title":"reject 值是字符串而非 Error：业务代码 e.message 为 undefined（双提示根因）"},{"ancestorTitles":["http 模块导出"],"failureMessages":[],"fullName":"http 模块导出 libs 导出 http 且响应拦截器已注册","location":null,"status":"passed","title":"libs 导出 http 且响应拦截器已注册"}],"endTime":1788437409441,"message":"","name":"E:\\TDYW\\spug-3.0\\spug_web\\src\\pages\\regulation\\__tests__\\Http.errorContract.test.js","startTime":1788437404561,"status":"passed","summary":""},{"assertionResults":[{"ancestorTitles":["规章管理 Table 列宽拖动（TableCard resizable 集成）"],"failureMessages":[],"fullName":"规章管理 Table 列宽拖动（TableCard resizable 集成） 数据列（含规章名称首列）渲染拖拽柄，固定操作列不渲染","location":null,"status":"passed","title":"数据列（含规章名称首列）渲染拖拽柄，固定操作列不渲染"},{"ancestorTitles":["规章管理 Table 列宽拖动（TableCard resizable 集成）"],"failureMessages":[],"fullName":"规章管理 Table 列宽拖动（TableCard resizable 集成） 真实拖拽更新列宽并按 tKey=regulation 写入会话存储","location":null,"status":"passed","title":"真实拖拽更新列宽并按 tKey=regulation 写入会话存储"},{"ancestorTitles":["规章管理 Table 列宽拖动（TableCard resizable 集成）"],"failureMessages":[],"fullName":"规章管理 Table 列宽拖动（TableCard resizable 集成） 双击拖拽柄恢复该列默认宽度","location":null,"status":"passed","title":"双击拖拽柄恢复该列默认宽度"}],"endTime":1788437410548,"message":"","name":"E:\\TDYW\\spug-3.0\\spug_web\\src\\pages\\regulation\\__tests__\\Table.resizable.test.js","startTime":1788437409473,"status":"passed","summary":""},{"assertionResults":[{"ancestorTitles":["buildRegulationPayload 单元行为"],"failureMessages":[],"fullName":"buildRegulationPayload 单元行为 清空的日期/分类以空字符串显式提交","location":null,"status":"passed","title":"清空的日期/分类以空字符串显式提交"},{"ancestorTitles":["buildRegulationPayload 单元行为"],"failureMessages":[],"fullName":"buildRegulationPayload 单元行为 日期 moment 格式化、分类数值保留","location":null,"status":"passed","title":"日期 moment 格式化、分类数值保留"},{"ancestorTitles":["编辑弹窗提交载荷"],"failureMessages":[],"fullName":"编辑弹窗提交载荷 未清空字段时载荷完整（回归对照）","location":null,"status":"passed","title":"未清空字段时载荷完整（回归对照）"},{"ancestorTitles":["编辑弹窗提交载荷"],"failureMessages":[],"fullName":"编辑弹窗提交载荷 B5：清空日期与分类后载荷显式携带空字符串","location":null,"status":"passed","title":"B5：清空日期与分类后载荷显式携带空字符串"}],"endTime":1788437411399,"message":"","name":"E:\\TDYW\\spug-3.0\\spug_web\\src\\pages\\regulation\\__tests__\\Form.payload.test.js","startTime":1788437410595,"status":"passed","summary":""}],"wasInterrupted":false}